<?xml version="1.0" encoding="UTF-8"?>
<!-- Generated by org.testng.reporters.JUnitReportReporter -->
<testsuite hostname="DESKTOP-COQDUFK" failures="0" tests="8" name="com.ip.collectionstest.DuplicatesTest" time="0.071" errors="0" timestamp="2020-04-30T12:00:02 GMT-07:00" skipped="0">
  <testcase classname="com.ip.collectionstest.DuplicatesTest" name="testNullString" time="0.004"/>
  <testcase classname="com.ip.collectionstest.DuplicatesTest" name="testNoDuplicates" time="0.003"/>
  <testcase classname="com.ip.collectionstest.DuplicatesTest" name="testNormalDuplicates" time="0.003"/>
  <testcase classname="com.ip.collectionstest.DuplicatesTest" name="testEmptyString" time="0.002"/>
  <testcase classname="com.ip.collectionstest.DuplicatesTest" name="testSingleCharString" time="0.003"/>
  <testcase classname="com.ip.collectionstest.DuplicatesTest" name="testFirstDuplicates" time="0.002"/>
  <testcase classname="com.ip.collectionstest.DuplicatesTest" name="testCaseSensitiveString" time="0.050"/>
  <testcase classname="com.ip.collectionstest.DuplicatesTest" name="testLastDuplicates" time="0.004"/>
</testsuite> <!-- com.ip.collectionstest.DuplicatesTest -->
