<?xml version="1.0" encoding="UTF-8"?>
<!-- Generated by org.testng.reporters.JUnitReportReporter -->
<testsuite hostname="DESKTOP-COQDUFK" failures="0" tests="1" name="com.ip.jacksontest.JsonToJavaTest" time="0.037" errors="0" timestamp="2020-04-14T14:25:12 GMT-07:00" skipped="0">
  <testcase classname="com.ip.jacksontest.JsonToJavaTest" name="passingNull" time="0.037"/>
</testsuite> <!-- com.ip.jacksontest.JsonToJavaTest -->
