<?xml version="1.0" encoding="UTF-8"?>
<!-- Generated by org.testng.reporters.JUnitReportReporter -->
<testsuite hostname="DESKTOP-COQDUFK" failures="0" tests="1" name="com.ip.jacksontest.JavaToJsonTest" time="0.477" errors="0" timestamp="2020-04-14T15:59:37 GMT-07:00" skipped="0">
  <testcase classname="com.ip.jacksontest.JavaToJsonTest" name="convertJavaToJsonPassingNullValues" time="0.477"/>
</testsuite> <!-- com.ip.jacksontest.JavaToJsonTest -->
